<?xml version="1.0" encoding="UTF-8"?>
<!-- Generated by org.testng.reporters.JUnitXMLReporter -->
<testsuite ignored="0" hostname="DESKTOP-7GJTKBB" failures="0" tests="2" name="TstNG_TC_004_AddRemoveCart_ParaMeterizatin_" time="25.763" errors="0" timestamp="2022-05-11T12:25:46 EDT">
  <testcase classname="com.automation.TstNG_TC_004_AddRemoveCart_ParaMeterizatin_" name="addToCart" time="1.128"/>
  <testcase classname="com.automation.TstNG_TC_004_AddRemoveCart_ParaMeterizatin_" name="removeFromCart" time="1.079"/>
</testsuite> <!-- TstNG_TC_004_AddRemoveCart_ParaMeterizatin_ -->
