<?xml version="1.0" encoding="UTF-8"?>
<!-- Generated by org.testng.reporters.JUnitXMLReporter -->
<testsuite ignored="0" hostname="DESKTOP-7GJTKBB" failures="0" tests="2" name="TstNG_TC_004_AddRemoveCart_DiffrntBrowsers_TstLvl_ParaMetr_E" time="41.443" errors="0" timestamp="2022-05-13T15:59:17 EDT">
  <testcase classname="com.automation.TstNG_TC_004_AddRemoveCart_DiffrntBrowsers_TstLvl_ParaMetr" name="addToCart" time="2.344"/>
  <testcase classname="com.automation.TstNG_TC_004_AddRemoveCart_DiffrntBrowsers_TstLvl_ParaMetr" name="removeFromCart" time="1.222"/>
</testsuite> <!-- TstNG_TC_004_AddRemoveCart_DiffrntBrowsers_TstLvl_ParaMetr_E -->
