<?xml version="1.0" encoding="UTF-8"?>
<!-- Generated by org.testng.reporters.JUnitXMLReporter -->
<testsuite ignored="0" hostname="DESKTOP-7GJTKBB" failures="1" tests="1" name="TstNG_TC_004_DataProvider_DiffrntSetsOfData_" time="19.177" errors="0" timestamp="2022-05-16T13:03:33 EDT">
  <testcase classname="com.automation.TstNG_TC_004_DataProvider_DiffrntSetsOfData_" name="addRemoveToCart" time="0.0">
    <failure type="org.testng.TestNGException" message="
Cannot inject @Test annotated Method [addRemoveToCart] with [class java.lang.String, class java.lang.String].
For more information on native dependency injection please refer to https://testng.org/doc/documentation-main.html#native-dependency-injection">
      <![CDATA[org.testng.TestNGException: 
Cannot inject @Test annotated Method [addRemoveToCart] with [class java.lang.String, class java.lang.String].
For more information on native dependency injection please refer to https://testng.org/doc/documentation-main.html#native-dependency-injection
at java.base/java.util.ArrayList.forEach(ArrayList.java:1540)
... Removed 26 stack frames]]>
    </failure>
  </testcase> <!-- addRemoveToCart -->
</testsuite> <!-- TstNG_TC_004_DataProvider_DiffrntSetsOfData_ -->
