<?xml version="1.0" encoding="UTF-8"?>
<!-- Generated by org.testng.reporters.JUnitXMLReporter -->
<testsuite ignored="0" hostname="DESKTOP-7GJTKBB" failures="0" tests="2" name="Test" time="29.179" errors="0" timestamp="2022-05-12T13:45:25 EDT">
  <testcase classname="com.automation.TstNG_TC_004_AddRemoveCart_DiffrntBrowsers_ParaMeterizatin_" name="addToCart" time="1.123"/>
  <testcase classname="com.automation.TstNG_TC_004_AddRemoveCart_DiffrntBrowsers_ParaMeterizatin_" name="removeFromCart" time="1.086"/>
</testsuite> <!-- Test -->
