<?xml version="1.0" encoding="UTF-8"?>
<!-- Generated by org.testng.reporters.JUnitXMLReporter -->
<testsuite ignored="0" hostname="DESKTOP-7GJTKBB" failures="0" tests="2" name="Test" time="27.54" errors="0" timestamp="2022-05-12T13:42:54 EDT">
  <testcase classname="com.automation.TstNG_TC_004_AddRemoveCart_DiffrntBrowsers_ParaMeterizatin_" name="addToCart" time="1.134"/>
  <testcase classname="com.automation.TstNG_TC_004_AddRemoveCart_DiffrntBrowsers_ParaMeterizatin_" name="removeFromCart" time="1.089"/>
</testsuite> <!-- Test -->
