<?xml version="1.0" encoding="UTF-8"?>
<!-- Generated by org.testng.reporters.JUnitXMLReporter -->
<testsuite ignored="0" hostname="DESKTOP-7GJTKBB" failures="1" tests="1" name="HybridFW_TC_003_CreateRecrd" time="7.838" errors="0" timestamp="2022-06-19T11:07:02 EDT">
  <testcase classname="com.automation.HybridFW_TC_003_CreateRecrd" name="createRecord" time="0.0">
    <failure type="org.testng.TestNGException" message="
Method public void com.automation.HybridFW_TC_003_CreateRecrd.createRecord(java.lang.String,java.lang.String,java.lang.String,java.lang.String,java.lang.String,java.lang.String,java.lang.String,java.lang.String,java.lang.String,java.lang.String) throws java.lang.Exception requires a @DataProvider named : gettestData">
      <![CDATA[org.testng.TestNGException: 
Method public void com.automation.HybridFW_TC_003_CreateRecrd.createRecord(java.lang.String,java.lang.String,java.lang.String,java.lang.String,java.lang.String,java.lang.String,java.lang.String,java.lang.String,java.lang.String,java.lang.String) throws java.lang.Exception requires a @DataProvider named : gettestData
at java.base/java.util.ArrayList.forEach(ArrayList.java:1540)
... Removed 24 stack frames]]>
    </failure>
  </testcase> <!-- createRecord -->
</testsuite> <!-- HybridFW_TC_003_CreateRecrd -->
