<?xml version="1.0" encoding="UTF-8"?>
<!-- Generated by org.testng.reporters.JUnitXMLReporter -->
<testsuite ignored="0" hostname="DESKTOP-7GJTKBB" failures="0" tests="2" name="TC_001_AddEmployee_BatchFileGene_Xml" time="52.787" errors="0" timestamp="2022-05-10T19:50:01 EDT">
  <testcase classname="com.automation.TstNG_TC_001_AddEmployee_BatchFileGene_Xml_T" name="addEmployee" time="35.132"/>
  <testcase classname="com.automation.TstNG_TC_001_AddEmployee_BatchFileGene_Xml_T" name="addEmployee" time="17.395"/>
</testsuite> <!-- TC_001_AddEmployee_BatchFileGene_Xml -->
